2023-03-12 11:29:54,109:INFO:PyCaret Supervised Module
2023-03-12 11:29:54,110:INFO:ML Usecase: regression
2023-03-12 11:29:54,110:INFO:version 2.3.10
2023-03-12 11:29:54,111:INFO:Initializing setup()
2023-03-12 11:29:54,111:INFO:setup(target=SalePrice, ml_usecase=regression, available_plots={'parameter': 'Hyperparameters', 'residuals': 'Residuals', 'error': 'Prediction Error', 'cooks': 'Cooks Distance', 'rfe': 'Feature Selection', 'learning': 'Learning Curve', 'manifold': 'Manifold Learning', 'vc': 'Validation Curve', 'feature': 'Feature Importance', 'feature_all': 'Feature Importance (All)', 'tree': 'Decision Tree', 'residuals_interactive': 'Interactive Residuals'}, train_size=0.7, test_data=None, preprocess=True, imputation_type=simple, iterative_imputation_iters=5, categorical_features=None, categorical_imputation=constant, categorical_iterative_imputer=lightgbm, ordinal_features=None, high_cardinality_features=None, high_cardinality_method=frequency, numeric_features=None, numeric_imputation=mean, numeric_iterative_imputer=lightgbm, date_features=None, ignore_features=None, normalize=False, normalize_method=zscore, transformation=False, transformation_method=yeo-johnson, handle_unknown_categorical=True, unknown_categorical_method=least_frequent, pca=False, pca_method=linear, pca_components=None, ignore_low_variance=False, combine_rare_levels=False, rare_level_threshold=0.1, bin_numeric_features=None, remove_outliers=False, outliers_threshold=0.05, remove_multicollinearity=False, multicollinearity_threshold=0.9, remove_perfect_collinearity=True, create_clusters=False, cluster_iter=20, polynomial_features=False, polynomial_degree=2, trigonometry_features=False, polynomial_threshold=0.1, group_features=None, group_names=None, feature_selection=False, feature_selection_threshold=0.8, feature_selection_method=classic, feature_interaction=False, feature_ratio=False, interaction_threshold=0.01, fix_imbalance=False, fix_imbalance_method=None, transform_target=False, transform_target_method=box-cox, data_split_shuffle=True, data_split_stratify=False, fold_strategy=kfold, fold=10, fold_shuffle=False, fold_groups=None, n_jobs=-1, use_gpu=False, custom_pipeline=None, html=True, session_id=123, log_experiment=False, experiment_name=None, experiment_custom_tags=None, log_plots=False, log_profile=False, log_data=False, silent=True, verbose=True, profile=False, profile_kwargs=None, display=None)
2023-03-12 11:29:54,111:INFO:Checking environment
2023-03-12 11:29:54,111:INFO:python_version: 3.8.16
2023-03-12 11:29:54,111:INFO:python_build: ('default', 'Mar  2 2023 03:21:46')
2023-03-12 11:29:54,111:INFO:machine: x86_64
2023-03-12 11:29:54,111:INFO:platform: Linux-5.15.90.1-microsoft-standard-WSL2-x86_64-with-glibc2.17
2023-03-12 11:29:54,111:INFO:Memory: svmem(total=33580744704, available=27956191232, percent=16.7, used=5168971776, free=15975649280, active=1147203584, inactive=15017836544, buffers=636768256, cached=11799355392, shared=4415488, slab=1041924096)
2023-03-12 11:29:54,112:INFO:Physical Core: 12
2023-03-12 11:29:54,112:INFO:Logical Core: 12
2023-03-12 11:29:54,112:INFO:Checking libraries
2023-03-12 11:29:54,112:INFO:pd==1.5.3
2023-03-12 11:29:54,112:INFO:numpy==1.20.3
2023-03-12 11:29:54,113:INFO:sklearn==0.23.2
2023-03-12 11:29:54,113:INFO:lightgbm==3.3.5
2023-03-12 11:29:54,178:INFO:catboost==1.1.1
2023-03-12 11:29:54,178:INFO:xgboost==1.7.4
2023-03-12 11:29:54,178:INFO:mlflow==2.2.1
2023-03-12 11:29:54,178:INFO:Checking Exceptions
2023-03-12 11:29:54,178:INFO:Declaring global variables
2023-03-12 11:29:54,178:INFO:USI: db72
2023-03-12 11:29:54,179:INFO:pycaret_globals: {'transform_target_method_param', '_all_models', 'exp_name_log', 'seed', '_all_metrics', 'y', '_gpu_n_jobs_param', 'imputation_regressor', 'imputation_classifier', 'gpu_param', 'fold_param', 'X_test', 'fix_imbalance_param', 'html_param', 'dashboard_logger', 'fold_groups_param_full', 'fold_groups_param', 'fold_shuffle_param', 'prep_pipe', 'display_container', '_all_models_internal', 'n_jobs_param', 'pycaret_globals', 'stratify_param', '_internal_pipeline', '_ml_usecase', 'fix_imbalance_method_param', 'y_train', '_available_plots', 'iterative_imputation_iters_param', 'create_model_container', 'experiment__', 'USI', 'logging_param', 'data_before_preprocess', 'X_train', 'target_param', 'fold_generator', 'transform_target_param', 'X', 'master_model_container', 'y_test', 'log_plots_param'}
2023-03-12 11:29:54,179:INFO:Preparing display monitor
2023-03-12 11:29:54,179:INFO:Preparing display monitor
2023-03-12 11:29:54,186:INFO:Importing libraries
2023-03-12 11:29:54,186:INFO:Copying data for preprocessing
2023-03-12 11:29:54,194:INFO:Declaring preprocessing parameters
2023-03-12 11:29:54,199:INFO:Creating preprocessing pipeline
2023-03-12 11:29:54,220:INFO:Preprocessing pipeline created successfully
2023-03-12 11:29:54,220:ERROR:(Process Exit): setup has been interupted with user command 'quit'. setup must rerun.
2023-03-12 11:29:54,220:INFO:Creating global containers
2023-03-12 11:29:54,221:INFO:Internal pipeline: Pipeline(memory=None, steps=[('empty_step', 'passthrough')], verbose=False)
2023-03-12 11:29:54,746:INFO:Creating grid variables
2023-03-12 11:29:54,758:INFO:create_model_container: 0
2023-03-12 11:29:54,758:INFO:master_model_container: 0
2023-03-12 11:29:54,758:INFO:display_container: 1
2023-03-12 11:29:54,761:INFO:Pipeline(memory=None,
         steps=[('dtypes',
                 DataTypes_Auto_infer(categorical_features=[],
                                      display_types=False, features_todrop=[],
                                      id_columns=[], ml_usecase='regression',
                                      numerical_features=[], target='SalePrice',
                                      time_features=[])),
                ('imputer',
                 Simple_Imputer(categorical_strategy='not_available',
                                fill_value_categorical=None,
                                fill_value_numerical=None,
                                numeric_strat...
                ('scaling', 'passthrough'), ('P_transform', 'passthrough'),
                ('binn', 'passthrough'), ('rem_outliers', 'passthrough'),
                ('cluster_all', 'passthrough'),
                ('dummy', Dummify(target='SalePrice')),
                ('fix_perfect', Remove_100(target='SalePrice')),
                ('clean_names', Clean_Colum_Names()),
                ('feature_select', 'passthrough'), ('fix_multi', 'passthrough'),
                ('dfs', 'passthrough'), ('pca', 'passthrough')],
         verbose=False)
2023-03-12 11:29:54,761:INFO:setup() succesfully completed......................................
2023-03-12 11:39:51,185:INFO:Initializing compare_models()
2023-03-12 11:39:51,186:INFO:compare_models(include=None, fold=None, round=4, cross_validation=True, sort=R2, n_select=1, budget_time=None, turbo=True, errors=ignore, fit_kwargs=None, groups=None, experiment_custom_tags=None, probability_threshold=None, verbose=True, display=None, exclude=None)
2023-03-12 11:39:51,186:INFO:Checking exceptions
2023-03-12 11:39:51,187:INFO:Preparing display monitor
2023-03-12 11:39:51,187:INFO:Preparing display monitor
2023-03-12 11:39:51,203:INFO:Initializing Linear Regression
2023-03-12 11:39:51,204:INFO:Total runtime is 6.079673767089844e-06 minutes
2023-03-12 11:39:51,209:INFO:SubProcess create_model() called ==================================
2023-03-12 11:39:51,209:INFO:Initializing create_model()
2023-03-12 11:39:51,209:INFO:create_model(estimator=lr, fold=KFold(n_splits=10, random_state=None, shuffle=False), round=4, cross_validation=True, predict=True, fit_kwargs={}, groups=None, refit=False, verbose=False, system=False, metrics=None, experiment_custom_tags=None, add_to_model_list=True, probability_threshold=None, display=<pycaret.internal.Display.Display object at 0x7fe4df62b670>, return_train_score=False, kwargs={})
2023-03-12 11:39:51,210:INFO:Checking exceptions
2023-03-12 11:39:51,210:INFO:Importing libraries
2023-03-12 11:39:51,210:INFO:Copying training dataset
2023-03-12 11:39:51,212:INFO:Defining folds
2023-03-12 11:39:51,212:INFO:Declaring metric variables
2023-03-12 11:39:51,217:INFO:Importing untrained model
2023-03-12 11:39:51,222:INFO:Linear Regression Imported succesfully
2023-03-12 11:39:51,233:INFO:Starting cross validation
2023-03-12 11:39:51,236:INFO:Cross validating with KFold(n_splits=10, random_state=None, shuffle=False), n_jobs=-1
2023-03-12 11:39:53,117:INFO:Calculating mean and std
2023-03-12 11:39:53,118:INFO:Creating metrics dataframe
2023-03-12 11:39:53,123:INFO:Uploading results into container
2023-03-12 11:39:53,123:INFO:Uploading model into container now
2023-03-12 11:39:53,123:INFO:create_model_container: 1
2023-03-12 11:39:53,123:INFO:master_model_container: 1
2023-03-12 11:39:53,123:INFO:display_container: 2
2023-03-12 11:39:53,123:INFO:LinearRegression(copy_X=True, fit_intercept=True, n_jobs=-1, normalize=False)
2023-03-12 11:39:53,123:INFO:create_model() succesfully completed......................................
2023-03-12 11:39:53,247:INFO:SubProcess create_model() end ==================================
2023-03-12 11:39:53,248:INFO:Creating metrics dataframe
2023-03-12 11:39:53,254:INFO:Initializing Lasso Regression
2023-03-12 11:39:53,254:INFO:Total runtime is 0.03418378829956055 minutes
2023-03-12 11:39:53,259:INFO:SubProcess create_model() called ==================================
2023-03-12 11:39:53,260:INFO:Initializing create_model()
2023-03-12 11:39:53,260:INFO:create_model(estimator=lasso, fold=KFold(n_splits=10, random_state=None, shuffle=False), round=4, cross_validation=True, predict=True, fit_kwargs={}, groups=None, refit=False, verbose=False, system=False, metrics=None, experiment_custom_tags=None, add_to_model_list=True, probability_threshold=None, display=<pycaret.internal.Display.Display object at 0x7fe4df62b670>, return_train_score=False, kwargs={})
2023-03-12 11:39:53,260:INFO:Checking exceptions
2023-03-12 11:39:53,260:INFO:Importing libraries
2023-03-12 11:39:53,260:INFO:Copying training dataset
2023-03-12 11:39:53,262:INFO:Defining folds
2023-03-12 11:39:53,262:INFO:Declaring metric variables
2023-03-12 11:39:53,266:INFO:Importing untrained model
2023-03-12 11:39:53,271:INFO:Lasso Regression Imported succesfully
2023-03-12 11:39:53,279:INFO:Starting cross validation
2023-03-12 11:39:53,279:INFO:Cross validating with KFold(n_splits=10, random_state=None, shuffle=False), n_jobs=-1
2023-03-12 11:39:54,322:INFO:Calculating mean and std
2023-03-12 11:39:54,323:INFO:Creating metrics dataframe
2023-03-12 11:39:54,326:INFO:Uploading results into container
2023-03-12 11:39:54,326:INFO:Uploading model into container now
2023-03-12 11:39:54,326:INFO:create_model_container: 2
2023-03-12 11:39:54,327:INFO:master_model_container: 2
2023-03-12 11:39:54,327:INFO:display_container: 2
2023-03-12 11:39:54,327:INFO:Lasso(alpha=1.0, copy_X=True, fit_intercept=True, max_iter=1000,
      normalize=False, positive=False, precompute=False, random_state=123,
      selection='cyclic', tol=0.0001, warm_start=False)
2023-03-12 11:39:54,327:INFO:create_model() succesfully completed......................................
2023-03-12 11:39:54,434:INFO:SubProcess create_model() end ==================================
2023-03-12 11:39:54,435:INFO:Creating metrics dataframe
2023-03-12 11:39:54,442:INFO:Initializing Ridge Regression
2023-03-12 11:39:54,442:INFO:Total runtime is 0.053981081644694014 minutes
2023-03-12 11:39:54,447:INFO:SubProcess create_model() called ==================================
2023-03-12 11:39:54,447:INFO:Initializing create_model()
2023-03-12 11:39:54,447:INFO:create_model(estimator=ridge, fold=KFold(n_splits=10, random_state=None, shuffle=False), round=4, cross_validation=True, predict=True, fit_kwargs={}, groups=None, refit=False, verbose=False, system=False, metrics=None, experiment_custom_tags=None, add_to_model_list=True, probability_threshold=None, display=<pycaret.internal.Display.Display object at 0x7fe4df62b670>, return_train_score=False, kwargs={})
2023-03-12 11:39:54,447:INFO:Checking exceptions
2023-03-12 11:39:54,448:INFO:Importing libraries
2023-03-12 11:39:54,448:INFO:Copying training dataset
2023-03-12 11:39:54,449:INFO:Defining folds
2023-03-12 11:39:54,449:INFO:Declaring metric variables
2023-03-12 11:39:54,454:INFO:Importing untrained model
2023-03-12 11:39:54,460:INFO:Ridge Regression Imported succesfully
2023-03-12 11:39:54,471:INFO:Starting cross validation
2023-03-12 11:39:54,471:INFO:Cross validating with KFold(n_splits=10, random_state=None, shuffle=False), n_jobs=-1
2023-03-12 11:39:54,627:INFO:Calculating mean and std
2023-03-12 11:39:54,628:INFO:Creating metrics dataframe
2023-03-12 11:39:54,631:INFO:Uploading results into container
2023-03-12 11:39:54,631:INFO:Uploading model into container now
2023-03-12 11:39:54,631:INFO:create_model_container: 3
2023-03-12 11:39:54,631:INFO:master_model_container: 3
2023-03-12 11:39:54,631:INFO:display_container: 2
2023-03-12 11:39:54,631:INFO:Ridge(alpha=1.0, copy_X=True, fit_intercept=True, max_iter=None,
      normalize=False, random_state=123, solver='auto', tol=0.001)
2023-03-12 11:39:54,631:INFO:create_model() succesfully completed......................................
2023-03-12 11:39:54,736:INFO:SubProcess create_model() end ==================================
2023-03-12 11:39:54,736:INFO:Creating metrics dataframe
2023-03-12 11:39:54,745:INFO:Initializing Elastic Net
2023-03-12 11:39:54,746:INFO:Total runtime is 0.05903472105662028 minutes
2023-03-12 11:39:54,751:INFO:SubProcess create_model() called ==================================
2023-03-12 11:39:54,751:INFO:Initializing create_model()
2023-03-12 11:39:54,751:INFO:create_model(estimator=en, fold=KFold(n_splits=10, random_state=None, shuffle=False), round=4, cross_validation=True, predict=True, fit_kwargs={}, groups=None, refit=False, verbose=False, system=False, metrics=None, experiment_custom_tags=None, add_to_model_list=True, probability_threshold=None, display=<pycaret.internal.Display.Display object at 0x7fe4df62b670>, return_train_score=False, kwargs={})
2023-03-12 11:39:54,751:INFO:Checking exceptions
2023-03-12 11:39:54,751:INFO:Importing libraries
2023-03-12 11:39:54,752:INFO:Copying training dataset
2023-03-12 11:39:54,753:INFO:Defining folds
2023-03-12 11:39:54,753:INFO:Declaring metric variables
2023-03-12 11:39:54,758:INFO:Importing untrained model
2023-03-12 11:39:54,763:INFO:Elastic Net Imported succesfully
2023-03-12 11:39:54,771:INFO:Starting cross validation
2023-03-12 11:39:54,771:INFO:Cross validating with KFold(n_splits=10, random_state=None, shuffle=False), n_jobs=-1
2023-03-12 11:39:55,058:INFO:Calculating mean and std
2023-03-12 11:39:55,059:INFO:Creating metrics dataframe
2023-03-12 11:39:55,063:INFO:Uploading results into container
2023-03-12 11:39:55,064:INFO:Uploading model into container now
2023-03-12 11:39:55,064:INFO:create_model_container: 4
2023-03-12 11:39:55,064:INFO:master_model_container: 4
2023-03-12 11:39:55,064:INFO:display_container: 2
2023-03-12 11:39:55,064:INFO:ElasticNet(alpha=1.0, copy_X=True, fit_intercept=True, l1_ratio=0.5,
           max_iter=1000, normalize=False, positive=False, precompute=False,
           random_state=123, selection='cyclic', tol=0.0001, warm_start=False)
2023-03-12 11:39:55,064:INFO:create_model() succesfully completed......................................
2023-03-12 11:39:55,175:INFO:SubProcess create_model() end ==================================
2023-03-12 11:39:55,176:INFO:Creating metrics dataframe
2023-03-12 11:39:55,183:INFO:Initializing Least Angle Regression
2023-03-12 11:39:55,183:INFO:Total runtime is 0.06632827917734782 minutes
2023-03-12 11:39:55,187:INFO:SubProcess create_model() called ==================================
2023-03-12 11:39:55,188:INFO:Initializing create_model()
2023-03-12 11:39:55,188:INFO:create_model(estimator=lar, fold=KFold(n_splits=10, random_state=None, shuffle=False), round=4, cross_validation=True, predict=True, fit_kwargs={}, groups=None, refit=False, verbose=False, system=False, metrics=None, experiment_custom_tags=None, add_to_model_list=True, probability_threshold=None, display=<pycaret.internal.Display.Display object at 0x7fe4df62b670>, return_train_score=False, kwargs={})
2023-03-12 11:39:55,188:INFO:Checking exceptions
2023-03-12 11:39:55,188:INFO:Importing libraries
2023-03-12 11:39:55,188:INFO:Copying training dataset
2023-03-12 11:39:55,189:INFO:Defining folds
2023-03-12 11:39:55,190:INFO:Declaring metric variables
2023-03-12 11:39:55,194:INFO:Importing untrained model
2023-03-12 11:39:55,199:INFO:Least Angle Regression Imported succesfully
2023-03-12 11:39:55,208:INFO:Starting cross validation
2023-03-12 11:39:55,208:INFO:Cross validating with KFold(n_splits=10, random_state=None, shuffle=False), n_jobs=-1
2023-03-12 11:39:55,337:WARNING:create_model() for lar raised an exception or returned all 0.0, trying without fit_kwargs:
2023-03-12 11:39:55,339:WARNING:joblib.externals.loky.process_executor._RemoteTraceback: 
"""
Traceback (most recent call last):
  File "/home/bugny/miniconda3/envs/mlops_workk/lib/python3.8/site-packages/joblib/externals/loky/process_executor.py", line 428, in _process_worker
    r = call_item()
  File "/home/bugny/miniconda3/envs/mlops_workk/lib/python3.8/site-packages/joblib/externals/loky/process_executor.py", line 275, in __call__
    return self.fn(*self.args, **self.kwargs)
  File "/home/bugny/miniconda3/envs/mlops_workk/lib/python3.8/site-packages/joblib/_parallel_backends.py", line 620, in __call__
    return self.func(*args, **kwargs)
  File "/home/bugny/miniconda3/envs/mlops_workk/lib/python3.8/site-packages/joblib/parallel.py", line 288, in __call__
    return [func(*args, **kwargs)
  File "/home/bugny/miniconda3/envs/mlops_workk/lib/python3.8/site-packages/joblib/parallel.py", line 288, in <listcomp>
    return [func(*args, **kwargs)
  File "/home/bugny/miniconda3/envs/mlops_workk/lib/python3.8/site-packages/sklearn/model_selection/_validation.py", line 560, in _fit_and_score
    test_scores = _score(estimator, X_test, y_test, scorer)
  File "/home/bugny/miniconda3/envs/mlops_workk/lib/python3.8/site-packages/sklearn/model_selection/_validation.py", line 607, in _score
    scores = scorer(estimator, X_test, y_test)
  File "/home/bugny/miniconda3/envs/mlops_workk/lib/python3.8/site-packages/sklearn/metrics/_scorer.py", line 87, in __call__
    score = scorer._score(cached_call, estimator,
  File "/home/bugny/miniconda3/envs/mlops_workk/lib/python3.8/site-packages/sklearn/metrics/_scorer.py", line 212, in _score
    return self._sign * self._score_func(y_true, y_pred,
  File "/home/bugny/miniconda3/envs/mlops_workk/lib/python3.8/site-packages/sklearn/utils/validation.py", line 72, in inner_f
    return f(**kwargs)
  File "/home/bugny/miniconda3/envs/mlops_workk/lib/python3.8/site-packages/sklearn/metrics/_regression.py", line 178, in mean_absolute_error
    y_type, y_true, y_pred, multioutput = _check_reg_targets(
  File "/home/bugny/miniconda3/envs/mlops_workk/lib/python3.8/site-packages/sklearn/metrics/_regression.py", line 86, in _check_reg_targets
    y_pred = check_array(y_pred, ensure_2d=False, dtype=dtype)
  File "/home/bugny/miniconda3/envs/mlops_workk/lib/python3.8/site-packages/sklearn/utils/validation.py", line 72, in inner_f
    return f(**kwargs)
  File "/home/bugny/miniconda3/envs/mlops_workk/lib/python3.8/site-packages/sklearn/utils/validation.py", line 644, in check_array
    _assert_all_finite(array,
  File "/home/bugny/miniconda3/envs/mlops_workk/lib/python3.8/site-packages/sklearn/utils/validation.py", line 96, in _assert_all_finite
    raise ValueError(
ValueError: Input contains NaN, infinity or a value too large for dtype('float64').
"""

The above exception was the direct cause of the following exception:

Traceback (most recent call last):
  File "/home/bugny/miniconda3/envs/mlops_workk/lib/python3.8/site-packages/pycaret/internal/tabular.py", line 2203, in compare_models
    model, model_fit_time = create_model_supervised(**create_model_args)
  File "/home/bugny/miniconda3/envs/mlops_workk/lib/python3.8/site-packages/pycaret/internal/tabular.py", line 3200, in create_model_supervised
    scores = cross_validate(
  File "/home/bugny/miniconda3/envs/mlops_workk/lib/python3.8/site-packages/sklearn/utils/validation.py", line 72, in inner_f
    return f(**kwargs)
  File "/home/bugny/miniconda3/envs/mlops_workk/lib/python3.8/site-packages/sklearn/model_selection/_validation.py", line 242, in cross_validate
    scores = parallel(
  File "/home/bugny/miniconda3/envs/mlops_workk/lib/python3.8/site-packages/joblib/parallel.py", line 1098, in __call__
    self.retrieve()
  File "/home/bugny/miniconda3/envs/mlops_workk/lib/python3.8/site-packages/joblib/parallel.py", line 975, in retrieve
    self._output.extend(job.get(timeout=self.timeout))
  File "/home/bugny/miniconda3/envs/mlops_workk/lib/python3.8/site-packages/joblib/_parallel_backends.py", line 567, in wrap_future_result
    return future.result(timeout=timeout)
  File "/home/bugny/miniconda3/envs/mlops_workk/lib/python3.8/concurrent/futures/_base.py", line 444, in result
    return self.__get_result()
  File "/home/bugny/miniconda3/envs/mlops_workk/lib/python3.8/concurrent/futures/_base.py", line 389, in __get_result
    raise self._exception
ValueError: Input contains NaN, infinity or a value too large for dtype('float64').

2023-03-12 11:39:55,339:INFO:Initializing create_model()
2023-03-12 11:39:55,339:INFO:create_model(estimator=lar, fold=KFold(n_splits=10, random_state=None, shuffle=False), round=4, cross_validation=True, predict=True, fit_kwargs={}, groups=None, refit=False, verbose=False, system=False, metrics=None, experiment_custom_tags=None, add_to_model_list=True, probability_threshold=None, display=<pycaret.internal.Display.Display object at 0x7fe4df62b670>, return_train_score=False, kwargs={})
2023-03-12 11:39:55,340:INFO:Checking exceptions
2023-03-12 11:39:55,340:INFO:Importing libraries
2023-03-12 11:39:55,340:INFO:Copying training dataset
2023-03-12 11:39:55,341:INFO:Defining folds
2023-03-12 11:39:55,341:INFO:Declaring metric variables
2023-03-12 11:39:55,347:INFO:Importing untrained model
2023-03-12 11:39:55,352:INFO:Least Angle Regression Imported succesfully
2023-03-12 11:39:55,362:INFO:Starting cross validation
2023-03-12 11:39:55,363:INFO:Cross validating with KFold(n_splits=10, random_state=None, shuffle=False), n_jobs=-1
2023-03-12 11:39:56,799:ERROR:create_model() for lar raised an exception or returned all 0.0:
2023-03-12 11:39:56,799:ERROR:joblib.externals.loky.process_executor._RemoteTraceback: 
"""
Traceback (most recent call last):
  File "/home/bugny/miniconda3/envs/mlops_workk/lib/python3.8/site-packages/joblib/externals/loky/process_executor.py", line 428, in _process_worker
    r = call_item()
  File "/home/bugny/miniconda3/envs/mlops_workk/lib/python3.8/site-packages/joblib/externals/loky/process_executor.py", line 275, in __call__
    return self.fn(*self.args, **self.kwargs)
  File "/home/bugny/miniconda3/envs/mlops_workk/lib/python3.8/site-packages/joblib/_parallel_backends.py", line 620, in __call__
    return self.func(*args, **kwargs)
  File "/home/bugny/miniconda3/envs/mlops_workk/lib/python3.8/site-packages/joblib/parallel.py", line 288, in __call__
    return [func(*args, **kwargs)
  File "/home/bugny/miniconda3/envs/mlops_workk/lib/python3.8/site-packages/joblib/parallel.py", line 288, in <listcomp>
    return [func(*args, **kwargs)
  File "/home/bugny/miniconda3/envs/mlops_workk/lib/python3.8/site-packages/sklearn/model_selection/_validation.py", line 560, in _fit_and_score
    test_scores = _score(estimator, X_test, y_test, scorer)
  File "/home/bugny/miniconda3/envs/mlops_workk/lib/python3.8/site-packages/sklearn/model_selection/_validation.py", line 607, in _score
    scores = scorer(estimator, X_test, y_test)
  File "/home/bugny/miniconda3/envs/mlops_workk/lib/python3.8/site-packages/sklearn/metrics/_scorer.py", line 87, in __call__
    score = scorer._score(cached_call, estimator,
  File "/home/bugny/miniconda3/envs/mlops_workk/lib/python3.8/site-packages/sklearn/metrics/_scorer.py", line 212, in _score
    return self._sign * self._score_func(y_true, y_pred,
  File "/home/bugny/miniconda3/envs/mlops_workk/lib/python3.8/site-packages/sklearn/utils/validation.py", line 72, in inner_f
    return f(**kwargs)
  File "/home/bugny/miniconda3/envs/mlops_workk/lib/python3.8/site-packages/sklearn/metrics/_regression.py", line 178, in mean_absolute_error
    y_type, y_true, y_pred, multioutput = _check_reg_targets(
  File "/home/bugny/miniconda3/envs/mlops_workk/lib/python3.8/site-packages/sklearn/metrics/_regression.py", line 86, in _check_reg_targets
    y_pred = check_array(y_pred, ensure_2d=False, dtype=dtype)
  File "/home/bugny/miniconda3/envs/mlops_workk/lib/python3.8/site-packages/sklearn/utils/validation.py", line 72, in inner_f
    return f(**kwargs)
  File "/home/bugny/miniconda3/envs/mlops_workk/lib/python3.8/site-packages/sklearn/utils/validation.py", line 644, in check_array
    _assert_all_finite(array,
  File "/home/bugny/miniconda3/envs/mlops_workk/lib/python3.8/site-packages/sklearn/utils/validation.py", line 96, in _assert_all_finite
    raise ValueError(
ValueError: Input contains NaN, infinity or a value too large for dtype('float64').
"""

The above exception was the direct cause of the following exception:

Traceback (most recent call last):
  File "/home/bugny/miniconda3/envs/mlops_workk/lib/python3.8/site-packages/pycaret/internal/tabular.py", line 2212, in compare_models
    model, model_fit_time = create_model_supervised(**create_model_args)
  File "/home/bugny/miniconda3/envs/mlops_workk/lib/python3.8/site-packages/pycaret/internal/tabular.py", line 3200, in create_model_supervised
    scores = cross_validate(
  File "/home/bugny/miniconda3/envs/mlops_workk/lib/python3.8/site-packages/sklearn/utils/validation.py", line 72, in inner_f
    return f(**kwargs)
  File "/home/bugny/miniconda3/envs/mlops_workk/lib/python3.8/site-packages/sklearn/model_selection/_validation.py", line 242, in cross_validate
    scores = parallel(
  File "/home/bugny/miniconda3/envs/mlops_workk/lib/python3.8/site-packages/joblib/parallel.py", line 1098, in __call__
    self.retrieve()
  File "/home/bugny/miniconda3/envs/mlops_workk/lib/python3.8/site-packages/joblib/parallel.py", line 975, in retrieve
    self._output.extend(job.get(timeout=self.timeout))
  File "/home/bugny/miniconda3/envs/mlops_workk/lib/python3.8/site-packages/joblib/_parallel_backends.py", line 567, in wrap_future_result
    return future.result(timeout=timeout)
  File "/home/bugny/miniconda3/envs/mlops_workk/lib/python3.8/concurrent/futures/_base.py", line 444, in result
    return self.__get_result()
  File "/home/bugny/miniconda3/envs/mlops_workk/lib/python3.8/concurrent/futures/_base.py", line 389, in __get_result
    raise self._exception
ValueError: Input contains NaN, infinity or a value too large for dtype('float64').

2023-03-12 11:39:56,800:INFO:Initializing Lasso Least Angle Regression
2023-03-12 11:39:56,800:INFO:Total runtime is 0.09327028592427572 minutes
2023-03-12 11:39:56,806:INFO:SubProcess create_model() called ==================================
2023-03-12 11:39:56,806:INFO:Initializing create_model()
2023-03-12 11:39:56,807:INFO:create_model(estimator=llar, fold=KFold(n_splits=10, random_state=None, shuffle=False), round=4, cross_validation=True, predict=True, fit_kwargs={}, groups=None, refit=False, verbose=False, system=False, metrics=None, experiment_custom_tags=None, add_to_model_list=True, probability_threshold=None, display=<pycaret.internal.Display.Display object at 0x7fe4df62b670>, return_train_score=False, kwargs={})
2023-03-12 11:39:56,807:INFO:Checking exceptions
2023-03-12 11:39:56,807:INFO:Importing libraries
2023-03-12 11:39:56,807:INFO:Copying training dataset
2023-03-12 11:39:56,808:INFO:Defining folds
2023-03-12 11:39:56,809:INFO:Declaring metric variables
2023-03-12 11:39:56,814:INFO:Importing untrained model
2023-03-12 11:39:56,819:INFO:Lasso Least Angle Regression Imported succesfully
2023-03-12 11:39:56,829:INFO:Starting cross validation
2023-03-12 11:39:56,829:INFO:Cross validating with KFold(n_splits=10, random_state=None, shuffle=False), n_jobs=-1
2023-03-12 11:39:58,359:INFO:Calculating mean and std
2023-03-12 11:39:58,360:INFO:Creating metrics dataframe
2023-03-12 11:39:58,365:INFO:Uploading results into container
2023-03-12 11:39:58,365:INFO:Uploading model into container now
2023-03-12 11:39:58,365:INFO:create_model_container: 5
2023-03-12 11:39:58,365:INFO:master_model_container: 5
2023-03-12 11:39:58,365:INFO:display_container: 2
2023-03-12 11:39:58,365:INFO:LassoLars(alpha=1.0, copy_X=True, eps=2.220446049250313e-16, fit_intercept=True,
          fit_path=True, jitter=None, max_iter=500, normalize=True,
          positive=False, precompute='auto', random_state=123, verbose=False)
2023-03-12 11:39:58,366:INFO:create_model() succesfully completed......................................
2023-03-12 11:39:58,538:INFO:SubProcess create_model() end ==================================
2023-03-12 11:39:58,538:INFO:Creating metrics dataframe
2023-03-12 11:39:58,553:INFO:Initializing Orthogonal Matching Pursuit
2023-03-12 11:39:58,553:INFO:Total runtime is 0.1224933664004008 minutes
2023-03-12 11:39:58,562:INFO:SubProcess create_model() called ==================================
2023-03-12 11:39:58,562:INFO:Initializing create_model()
2023-03-12 11:39:58,562:INFO:create_model(estimator=omp, fold=KFold(n_splits=10, random_state=None, shuffle=False), round=4, cross_validation=True, predict=True, fit_kwargs={}, groups=None, refit=False, verbose=False, system=False, metrics=None, experiment_custom_tags=None, add_to_model_list=True, probability_threshold=None, display=<pycaret.internal.Display.Display object at 0x7fe4df62b670>, return_train_score=False, kwargs={})
2023-03-12 11:39:58,563:INFO:Checking exceptions
2023-03-12 11:39:58,563:INFO:Importing libraries
2023-03-12 11:39:58,563:INFO:Copying training dataset
2023-03-12 11:39:58,566:INFO:Defining folds
2023-03-12 11:39:58,566:INFO:Declaring metric variables
2023-03-12 11:39:58,576:INFO:Importing untrained model
2023-03-12 11:39:58,584:INFO:Orthogonal Matching Pursuit Imported succesfully
2023-03-12 11:39:58,596:INFO:Starting cross validation
2023-03-12 11:39:58,597:INFO:Cross validating with KFold(n_splits=10, random_state=None, shuffle=False), n_jobs=-1
2023-03-12 11:39:59,543:INFO:Calculating mean and std
2023-03-12 11:39:59,544:INFO:Creating metrics dataframe
2023-03-12 11:39:59,547:INFO:Uploading results into container
2023-03-12 11:39:59,547:INFO:Uploading model into container now
2023-03-12 11:39:59,548:INFO:create_model_container: 6
2023-03-12 11:39:59,548:INFO:master_model_container: 6
2023-03-12 11:39:59,548:INFO:display_container: 2
2023-03-12 11:39:59,548:INFO:OrthogonalMatchingPursuit(fit_intercept=True, n_nonzero_coefs=None,
                          normalize=True, precompute='auto', tol=None)
2023-03-12 11:39:59,548:INFO:create_model() succesfully completed......................................
2023-03-12 11:39:59,664:INFO:SubProcess create_model() end ==================================
2023-03-12 11:39:59,664:INFO:Creating metrics dataframe
2023-03-12 11:39:59,671:INFO:Initializing Bayesian Ridge
2023-03-12 11:39:59,671:INFO:Total runtime is 0.14112266302108764 minutes
2023-03-12 11:39:59,675:INFO:SubProcess create_model() called ==================================
2023-03-12 11:39:59,675:INFO:Initializing create_model()
2023-03-12 11:39:59,676:INFO:create_model(estimator=br, fold=KFold(n_splits=10, random_state=None, shuffle=False), round=4, cross_validation=True, predict=True, fit_kwargs={}, groups=None, refit=False, verbose=False, system=False, metrics=None, experiment_custom_tags=None, add_to_model_list=True, probability_threshold=None, display=<pycaret.internal.Display.Display object at 0x7fe4df62b670>, return_train_score=False, kwargs={})
2023-03-12 11:39:59,676:INFO:Checking exceptions
2023-03-12 11:39:59,676:INFO:Importing libraries
2023-03-12 11:39:59,676:INFO:Copying training dataset
2023-03-12 11:39:59,677:INFO:Defining folds
2023-03-12 11:39:59,677:INFO:Declaring metric variables
2023-03-12 11:39:59,681:INFO:Importing untrained model
2023-03-12 11:39:59,686:INFO:Bayesian Ridge Imported succesfully
2023-03-12 11:39:59,694:INFO:Starting cross validation
2023-03-12 11:39:59,695:INFO:Cross validating with KFold(n_splits=10, random_state=None, shuffle=False), n_jobs=-1
2023-03-12 11:39:59,934:INFO:Calculating mean and std
2023-03-12 11:39:59,935:INFO:Creating metrics dataframe
2023-03-12 11:39:59,938:INFO:Uploading results into container
2023-03-12 11:39:59,939:INFO:Uploading model into container now
2023-03-12 11:39:59,939:INFO:create_model_container: 7
2023-03-12 11:39:59,940:INFO:master_model_container: 7
2023-03-12 11:39:59,940:INFO:display_container: 2
2023-03-12 11:39:59,940:INFO:BayesianRidge(alpha_1=1e-06, alpha_2=1e-06, alpha_init=None,
              compute_score=False, copy_X=True, fit_intercept=True,
              lambda_1=1e-06, lambda_2=1e-06, lambda_init=None, n_iter=300,
              normalize=False, tol=0.001, verbose=False)
2023-03-12 11:39:59,940:INFO:create_model() succesfully completed......................................
2023-03-12 11:40:00,050:INFO:SubProcess create_model() end ==================================
2023-03-12 11:40:00,050:INFO:Creating metrics dataframe
2023-03-12 11:40:00,057:INFO:Initializing Passive Aggressive Regressor
2023-03-12 11:40:00,057:INFO:Total runtime is 0.1475661277770996 minutes
2023-03-12 11:40:00,062:INFO:SubProcess create_model() called ==================================
2023-03-12 11:40:00,062:INFO:Initializing create_model()
2023-03-12 11:40:00,062:INFO:create_model(estimator=par, fold=KFold(n_splits=10, random_state=None, shuffle=False), round=4, cross_validation=True, predict=True, fit_kwargs={}, groups=None, refit=False, verbose=False, system=False, metrics=None, experiment_custom_tags=None, add_to_model_list=True, probability_threshold=None, display=<pycaret.internal.Display.Display object at 0x7fe4df62b670>, return_train_score=False, kwargs={})
2023-03-12 11:40:00,063:INFO:Checking exceptions
2023-03-12 11:40:00,063:INFO:Importing libraries
2023-03-12 11:40:00,063:INFO:Copying training dataset
2023-03-12 11:40:00,064:INFO:Defining folds
2023-03-12 11:40:00,064:INFO:Declaring metric variables
2023-03-12 11:40:00,069:INFO:Importing untrained model
2023-03-12 11:40:00,074:INFO:Passive Aggressive Regressor Imported succesfully
2023-03-12 11:40:00,083:INFO:Starting cross validation
2023-03-12 11:40:00,084:INFO:Cross validating with KFold(n_splits=10, random_state=None, shuffle=False), n_jobs=-1
2023-03-12 11:40:00,225:INFO:Calculating mean and std
2023-03-12 11:40:00,226:INFO:Creating metrics dataframe
2023-03-12 11:40:00,229:INFO:Uploading results into container
2023-03-12 11:40:00,230:INFO:Uploading model into container now
2023-03-12 11:40:00,230:INFO:create_model_container: 8
2023-03-12 11:40:00,230:INFO:master_model_container: 8
2023-03-12 11:40:00,230:INFO:display_container: 2
2023-03-12 11:40:00,230:INFO:PassiveAggressiveRegressor(C=1.0, average=False, early_stopping=False,
                           epsilon=0.1, fit_intercept=True,
                           loss='epsilon_insensitive', max_iter=1000,
                           n_iter_no_change=5, random_state=123, shuffle=True,
                           tol=0.001, validation_fraction=0.1, verbose=0,
                           warm_start=False)
2023-03-12 11:40:00,230:INFO:create_model() succesfully completed......................................
2023-03-12 11:40:00,351:INFO:SubProcess create_model() end ==================================
2023-03-12 11:40:00,351:INFO:Creating metrics dataframe
2023-03-12 11:40:00,360:INFO:Initializing Huber Regressor
2023-03-12 11:40:00,361:INFO:Total runtime is 0.1526217222213745 minutes
2023-03-12 11:40:00,368:INFO:SubProcess create_model() called ==================================
2023-03-12 11:40:00,368:INFO:Initializing create_model()
2023-03-12 11:40:00,368:INFO:create_model(estimator=huber, fold=KFold(n_splits=10, random_state=None, shuffle=False), round=4, cross_validation=True, predict=True, fit_kwargs={}, groups=None, refit=False, verbose=False, system=False, metrics=None, experiment_custom_tags=None, add_to_model_list=True, probability_threshold=None, display=<pycaret.internal.Display.Display object at 0x7fe4df62b670>, return_train_score=False, kwargs={})
2023-03-12 11:40:00,368:INFO:Checking exceptions
2023-03-12 11:40:00,368:INFO:Importing libraries
2023-03-12 11:40:00,368:INFO:Copying training dataset
2023-03-12 11:40:00,370:INFO:Defining folds
2023-03-12 11:40:00,370:INFO:Declaring metric variables
2023-03-12 11:40:00,375:INFO:Importing untrained model
2023-03-12 11:40:00,381:INFO:Huber Regressor Imported succesfully
2023-03-12 11:40:00,395:INFO:Starting cross validation
2023-03-12 11:40:00,395:INFO:Cross validating with KFold(n_splits=10, random_state=None, shuffle=False), n_jobs=-1
2023-03-12 11:40:00,641:INFO:Calculating mean and std
2023-03-12 11:40:00,642:INFO:Creating metrics dataframe
2023-03-12 11:40:00,645:INFO:Uploading results into container
2023-03-12 11:40:00,645:INFO:Uploading model into container now
2023-03-12 11:40:00,645:INFO:create_model_container: 9
2023-03-12 11:40:00,645:INFO:master_model_container: 9
2023-03-12 11:40:00,646:INFO:display_container: 2
2023-03-12 11:40:00,646:INFO:HuberRegressor(alpha=0.0001, epsilon=1.35, fit_intercept=True, max_iter=100,
               tol=1e-05, warm_start=False)
2023-03-12 11:40:00,646:INFO:create_model() succesfully completed......................................
2023-03-12 11:40:00,749:INFO:SubProcess create_model() end ==================================
2023-03-12 11:40:00,750:INFO:Creating metrics dataframe
2023-03-12 11:40:00,759:INFO:Initializing K Neighbors Regressor
2023-03-12 11:40:00,759:INFO:Total runtime is 0.15925918022791544 minutes
2023-03-12 11:40:00,764:INFO:SubProcess create_model() called ==================================
2023-03-12 11:40:00,765:INFO:Initializing create_model()
2023-03-12 11:40:00,765:INFO:create_model(estimator=knn, fold=KFold(n_splits=10, random_state=None, shuffle=False), round=4, cross_validation=True, predict=True, fit_kwargs={}, groups=None, refit=False, verbose=False, system=False, metrics=None, experiment_custom_tags=None, add_to_model_list=True, probability_threshold=None, display=<pycaret.internal.Display.Display object at 0x7fe4df62b670>, return_train_score=False, kwargs={})
2023-03-12 11:40:00,765:INFO:Checking exceptions
2023-03-12 11:40:00,765:INFO:Importing libraries
2023-03-12 11:40:00,765:INFO:Copying training dataset
2023-03-12 11:40:00,766:INFO:Defining folds
2023-03-12 11:40:00,767:INFO:Declaring metric variables
2023-03-12 11:40:00,773:INFO:Importing untrained model
2023-03-12 11:40:00,779:INFO:K Neighbors Regressor Imported succesfully
2023-03-12 11:40:00,789:INFO:Starting cross validation
2023-03-12 11:40:00,790:INFO:Cross validating with KFold(n_splits=10, random_state=None, shuffle=False), n_jobs=-1
2023-03-12 11:40:00,949:INFO:Calculating mean and std
2023-03-12 11:40:00,950:INFO:Creating metrics dataframe
2023-03-12 11:40:00,953:INFO:Uploading results into container
2023-03-12 11:40:00,953:INFO:Uploading model into container now
2023-03-12 11:40:00,953:INFO:create_model_container: 10
2023-03-12 11:40:00,953:INFO:master_model_container: 10
2023-03-12 11:40:00,953:INFO:display_container: 2
2023-03-12 11:40:00,954:INFO:KNeighborsRegressor(algorithm='auto', leaf_size=30, metric='minkowski',
                    metric_params=None, n_jobs=-1, n_neighbors=5, p=2,
                    weights='uniform')
2023-03-12 11:40:00,954:INFO:create_model() succesfully completed......................................
2023-03-12 11:40:01,065:INFO:SubProcess create_model() end ==================================
2023-03-12 11:40:01,065:INFO:Creating metrics dataframe
2023-03-12 11:40:01,074:INFO:Initializing Decision Tree Regressor
2023-03-12 11:40:01,075:INFO:Total runtime is 0.1645196199417114 minutes
2023-03-12 11:40:01,079:INFO:SubProcess create_model() called ==================================
2023-03-12 11:40:01,079:INFO:Initializing create_model()
2023-03-12 11:40:01,080:INFO:create_model(estimator=dt, fold=KFold(n_splits=10, random_state=None, shuffle=False), round=4, cross_validation=True, predict=True, fit_kwargs={}, groups=None, refit=False, verbose=False, system=False, metrics=None, experiment_custom_tags=None, add_to_model_list=True, probability_threshold=None, display=<pycaret.internal.Display.Display object at 0x7fe4df62b670>, return_train_score=False, kwargs={})
2023-03-12 11:40:01,080:INFO:Checking exceptions
2023-03-12 11:40:01,080:INFO:Importing libraries
2023-03-12 11:40:01,080:INFO:Copying training dataset
2023-03-12 11:40:01,081:INFO:Defining folds
2023-03-12 11:40:01,081:INFO:Declaring metric variables
2023-03-12 11:40:01,086:INFO:Importing untrained model
2023-03-12 11:40:01,090:INFO:Decision Tree Regressor Imported succesfully
2023-03-12 11:40:01,099:INFO:Starting cross validation
2023-03-12 11:40:01,100:INFO:Cross validating with KFold(n_splits=10, random_state=None, shuffle=False), n_jobs=-1
2023-03-12 11:40:01,247:INFO:Calculating mean and std
2023-03-12 11:40:01,248:INFO:Creating metrics dataframe
2023-03-12 11:40:01,251:INFO:Uploading results into container
2023-03-12 11:40:01,252:INFO:Uploading model into container now
2023-03-12 11:40:01,252:INFO:create_model_container: 11
2023-03-12 11:40:01,252:INFO:master_model_container: 11
2023-03-12 11:40:01,252:INFO:display_container: 2
2023-03-12 11:40:01,252:INFO:DecisionTreeRegressor(ccp_alpha=0.0, criterion='mse', max_depth=None,
                      max_features=None, max_leaf_nodes=None,
                      min_impurity_decrease=0.0, min_impurity_split=None,
                      min_samples_leaf=1, min_samples_split=2,
                      min_weight_fraction_leaf=0.0, presort='deprecated',
                      random_state=123, splitter='best')
2023-03-12 11:40:01,252:INFO:create_model() succesfully completed......................................
2023-03-12 11:40:01,355:INFO:SubProcess create_model() end ==================================
2023-03-12 11:40:01,355:INFO:Creating metrics dataframe
2023-03-12 11:40:01,364:INFO:Initializing Random Forest Regressor
2023-03-12 11:40:01,364:INFO:Total runtime is 0.16935069958368937 minutes
2023-03-12 11:40:01,369:INFO:SubProcess create_model() called ==================================
2023-03-12 11:40:01,369:INFO:Initializing create_model()
2023-03-12 11:40:01,370:INFO:create_model(estimator=rf, fold=KFold(n_splits=10, random_state=None, shuffle=False), round=4, cross_validation=True, predict=True, fit_kwargs={}, groups=None, refit=False, verbose=False, system=False, metrics=None, experiment_custom_tags=None, add_to_model_list=True, probability_threshold=None, display=<pycaret.internal.Display.Display object at 0x7fe4df62b670>, return_train_score=False, kwargs={})
2023-03-12 11:40:01,370:INFO:Checking exceptions
2023-03-12 11:40:01,370:INFO:Importing libraries
2023-03-12 11:40:01,370:INFO:Copying training dataset
2023-03-12 11:40:01,371:INFO:Defining folds
2023-03-12 11:40:01,371:INFO:Declaring metric variables
2023-03-12 11:40:01,375:INFO:Importing untrained model
2023-03-12 11:40:01,380:INFO:Random Forest Regressor Imported succesfully
2023-03-12 11:40:01,389:INFO:Starting cross validation
2023-03-12 11:40:01,390:INFO:Cross validating with KFold(n_splits=10, random_state=None, shuffle=False), n_jobs=-1
2023-03-12 11:40:02,659:INFO:Calculating mean and std
2023-03-12 11:40:02,660:INFO:Creating metrics dataframe
2023-03-12 11:40:02,664:INFO:Uploading results into container
2023-03-12 11:40:02,664:INFO:Uploading model into container now
2023-03-12 11:40:02,664:INFO:create_model_container: 12
2023-03-12 11:40:02,664:INFO:master_model_container: 12
2023-03-12 11:40:02,664:INFO:display_container: 2
2023-03-12 11:40:02,665:INFO:RandomForestRegressor(bootstrap=True, ccp_alpha=0.0, criterion='mse',
                      max_depth=None, max_features='auto', max_leaf_nodes=None,
                      max_samples=None, min_impurity_decrease=0.0,
                      min_impurity_split=None, min_samples_leaf=1,
                      min_samples_split=2, min_weight_fraction_leaf=0.0,
                      n_estimators=100, n_jobs=-1, oob_score=False,
                      random_state=123, verbose=0, warm_start=False)
2023-03-12 11:40:02,665:INFO:create_model() succesfully completed......................................
2023-03-12 11:40:02,771:INFO:SubProcess create_model() end ==================================
2023-03-12 11:40:02,771:INFO:Creating metrics dataframe
2023-03-12 11:40:02,779:INFO:Initializing Extra Trees Regressor
2023-03-12 11:40:02,779:INFO:Total runtime is 0.19292818307876586 minutes
2023-03-12 11:40:02,784:INFO:SubProcess create_model() called ==================================
2023-03-12 11:40:02,784:INFO:Initializing create_model()
2023-03-12 11:40:02,784:INFO:create_model(estimator=et, fold=KFold(n_splits=10, random_state=None, shuffle=False), round=4, cross_validation=True, predict=True, fit_kwargs={}, groups=None, refit=False, verbose=False, system=False, metrics=None, experiment_custom_tags=None, add_to_model_list=True, probability_threshold=None, display=<pycaret.internal.Display.Display object at 0x7fe4df62b670>, return_train_score=False, kwargs={})
2023-03-12 11:40:02,784:INFO:Checking exceptions
2023-03-12 11:40:02,785:INFO:Importing libraries
2023-03-12 11:40:02,785:INFO:Copying training dataset
2023-03-12 11:40:02,786:INFO:Defining folds
2023-03-12 11:40:02,786:INFO:Declaring metric variables
2023-03-12 11:40:02,790:INFO:Importing untrained model
2023-03-12 11:40:02,794:INFO:Extra Trees Regressor Imported succesfully
2023-03-12 11:40:02,803:INFO:Starting cross validation
2023-03-12 11:40:02,804:INFO:Cross validating with KFold(n_splits=10, random_state=None, shuffle=False), n_jobs=-1
2023-03-12 11:40:04,005:INFO:Calculating mean and std
2023-03-12 11:40:04,006:INFO:Creating metrics dataframe
2023-03-12 11:40:04,009:INFO:Uploading results into container
2023-03-12 11:40:04,010:INFO:Uploading model into container now
2023-03-12 11:40:04,010:INFO:create_model_container: 13
2023-03-12 11:40:04,010:INFO:master_model_container: 13
2023-03-12 11:40:04,010:INFO:display_container: 2
2023-03-12 11:40:04,010:INFO:ExtraTreesRegressor(bootstrap=False, ccp_alpha=0.0, criterion='mse',
                    max_depth=None, max_features='auto', max_leaf_nodes=None,
                    max_samples=None, min_impurity_decrease=0.0,
                    min_impurity_split=None, min_samples_leaf=1,
                    min_samples_split=2, min_weight_fraction_leaf=0.0,
                    n_estimators=100, n_jobs=-1, oob_score=False,
                    random_state=123, verbose=0, warm_start=False)
2023-03-12 11:40:04,010:INFO:create_model() succesfully completed......................................
2023-03-12 11:40:04,109:INFO:SubProcess create_model() end ==================================
2023-03-12 11:40:04,109:INFO:Creating metrics dataframe
2023-03-12 11:40:04,118:INFO:Initializing AdaBoost Regressor
2023-03-12 11:40:04,118:INFO:Total runtime is 0.2152456800142924 minutes
2023-03-12 11:40:04,123:INFO:SubProcess create_model() called ==================================
2023-03-12 11:40:04,123:INFO:Initializing create_model()
2023-03-12 11:40:04,123:INFO:create_model(estimator=ada, fold=KFold(n_splits=10, random_state=None, shuffle=False), round=4, cross_validation=True, predict=True, fit_kwargs={}, groups=None, refit=False, verbose=False, system=False, metrics=None, experiment_custom_tags=None, add_to_model_list=True, probability_threshold=None, display=<pycaret.internal.Display.Display object at 0x7fe4df62b670>, return_train_score=False, kwargs={})
2023-03-12 11:40:04,123:INFO:Checking exceptions
2023-03-12 11:40:04,123:INFO:Importing libraries
2023-03-12 11:40:04,123:INFO:Copying training dataset
2023-03-12 11:40:04,124:INFO:Defining folds
2023-03-12 11:40:04,124:INFO:Declaring metric variables
2023-03-12 11:40:04,129:INFO:Importing untrained model
2023-03-12 11:40:04,133:INFO:AdaBoost Regressor Imported succesfully
2023-03-12 11:40:04,141:INFO:Starting cross validation
2023-03-12 11:40:04,142:INFO:Cross validating with KFold(n_splits=10, random_state=None, shuffle=False), n_jobs=-1
2023-03-12 11:40:04,482:INFO:Calculating mean and std
2023-03-12 11:40:04,483:INFO:Creating metrics dataframe
2023-03-12 11:40:04,486:INFO:Uploading results into container
2023-03-12 11:40:04,486:INFO:Uploading model into container now
2023-03-12 11:40:04,486:INFO:create_model_container: 14
2023-03-12 11:40:04,487:INFO:master_model_container: 14
2023-03-12 11:40:04,487:INFO:display_container: 2
2023-03-12 11:40:04,487:INFO:AdaBoostRegressor(base_estimator=None, learning_rate=1.0, loss='linear',
                  n_estimators=50, random_state=123)
2023-03-12 11:40:04,487:INFO:create_model() succesfully completed......................................
2023-03-12 11:40:04,585:INFO:SubProcess create_model() end ==================================
2023-03-12 11:40:04,586:INFO:Creating metrics dataframe
2023-03-12 11:40:04,594:INFO:Initializing Gradient Boosting Regressor
2023-03-12 11:40:04,594:INFO:Total runtime is 0.22318248748779296 minutes
2023-03-12 11:40:04,599:INFO:SubProcess create_model() called ==================================
2023-03-12 11:40:04,599:INFO:Initializing create_model()
2023-03-12 11:40:04,600:INFO:create_model(estimator=gbr, fold=KFold(n_splits=10, random_state=None, shuffle=False), round=4, cross_validation=True, predict=True, fit_kwargs={}, groups=None, refit=False, verbose=False, system=False, metrics=None, experiment_custom_tags=None, add_to_model_list=True, probability_threshold=None, display=<pycaret.internal.Display.Display object at 0x7fe4df62b670>, return_train_score=False, kwargs={})
2023-03-12 11:40:04,600:INFO:Checking exceptions
2023-03-12 11:40:04,600:INFO:Importing libraries
2023-03-12 11:40:04,600:INFO:Copying training dataset
2023-03-12 11:40:04,601:INFO:Defining folds
2023-03-12 11:40:04,601:INFO:Declaring metric variables
2023-03-12 11:40:04,605:INFO:Importing untrained model
2023-03-12 11:40:04,609:INFO:Gradient Boosting Regressor Imported succesfully
2023-03-12 11:40:04,619:INFO:Starting cross validation
2023-03-12 11:40:04,619:INFO:Cross validating with KFold(n_splits=10, random_state=None, shuffle=False), n_jobs=-1
2023-03-12 11:40:05,165:INFO:Calculating mean and std
2023-03-12 11:40:05,166:INFO:Creating metrics dataframe
2023-03-12 11:40:05,169:INFO:Uploading results into container
2023-03-12 11:40:05,169:INFO:Uploading model into container now
2023-03-12 11:40:05,170:INFO:create_model_container: 15
2023-03-12 11:40:05,170:INFO:master_model_container: 15
2023-03-12 11:40:05,170:INFO:display_container: 2
2023-03-12 11:40:05,171:INFO:GradientBoostingRegressor(alpha=0.9, ccp_alpha=0.0, criterion='friedman_mse',
                          init=None, learning_rate=0.1, loss='ls', max_depth=3,
                          max_features=None, max_leaf_nodes=None,
                          min_impurity_decrease=0.0, min_impurity_split=None,
                          min_samples_leaf=1, min_samples_split=2,
                          min_weight_fraction_leaf=0.0, n_estimators=100,
                          n_iter_no_change=None, presort='deprecated',
                          random_state=123, subsample=1.0, tol=0.0001,
                          validation_fraction=0.1, verbose=0, warm_start=False)
2023-03-12 11:40:05,171:INFO:create_model() succesfully completed......................................
2023-03-12 11:40:05,269:INFO:SubProcess create_model() end ==================================
2023-03-12 11:40:05,269:INFO:Creating metrics dataframe
2023-03-12 11:40:05,277:INFO:Initializing Extreme Gradient Boosting
2023-03-12 11:40:05,277:INFO:Total runtime is 0.23456207116444905 minutes
2023-03-12 11:40:05,282:INFO:SubProcess create_model() called ==================================
2023-03-12 11:40:05,282:INFO:Initializing create_model()
2023-03-12 11:40:05,282:INFO:create_model(estimator=xgboost, fold=KFold(n_splits=10, random_state=None, shuffle=False), round=4, cross_validation=True, predict=True, fit_kwargs={}, groups=None, refit=False, verbose=False, system=False, metrics=None, experiment_custom_tags=None, add_to_model_list=True, probability_threshold=None, display=<pycaret.internal.Display.Display object at 0x7fe4df62b670>, return_train_score=False, kwargs={})
2023-03-12 11:40:05,282:INFO:Checking exceptions
2023-03-12 11:40:05,282:INFO:Importing libraries
2023-03-12 11:40:05,282:INFO:Copying training dataset
2023-03-12 11:40:05,283:INFO:Defining folds
2023-03-12 11:40:05,283:INFO:Declaring metric variables
2023-03-12 11:40:05,287:INFO:Importing untrained model
2023-03-12 11:40:05,292:INFO:Extreme Gradient Boosting Imported succesfully
2023-03-12 11:40:05,301:INFO:Starting cross validation
2023-03-12 11:40:05,302:INFO:Cross validating with KFold(n_splits=10, random_state=None, shuffle=False), n_jobs=-1
2023-03-12 11:40:06,196:INFO:Calculating mean and std
2023-03-12 11:40:06,197:INFO:Creating metrics dataframe
2023-03-12 11:40:06,201:INFO:Uploading results into container
2023-03-12 11:40:06,201:INFO:Uploading model into container now
2023-03-12 11:40:06,201:INFO:create_model_container: 16
2023-03-12 11:40:06,201:INFO:master_model_container: 16
2023-03-12 11:40:06,201:INFO:display_container: 2
2023-03-12 11:40:06,202:INFO:XGBRegressor(base_score=None, booster='gbtree', callbacks=None,
             colsample_bylevel=None, colsample_bynode=None,
             colsample_bytree=None, early_stopping_rounds=None,
             enable_categorical=False, eval_metric=None, feature_types=None,
             gamma=None, gpu_id=None, grow_policy=None, importance_type=None,
             interaction_constraints=None, learning_rate=None, max_bin=None,
             max_cat_threshold=None, max_cat_to_onehot=None,
             max_delta_step=None, max_depth=None, max_leaves=None,
             min_child_weight=None, missing=nan, monotone_constraints=None,
             n_estimators=100, n_jobs=-1, num_parallel_tree=None,
             objective='reg:squarederror', predictor=None, ...)
2023-03-12 11:40:06,202:INFO:create_model() succesfully completed......................................
2023-03-12 11:40:06,307:INFO:SubProcess create_model() end ==================================
2023-03-12 11:40:06,308:INFO:Creating metrics dataframe
2023-03-12 11:40:06,317:INFO:Initializing Light Gradient Boosting Machine
2023-03-12 11:40:06,318:INFO:Total runtime is 0.2519028902053833 minutes
2023-03-12 11:40:06,322:INFO:SubProcess create_model() called ==================================
2023-03-12 11:40:06,323:INFO:Initializing create_model()
2023-03-12 11:40:06,323:INFO:create_model(estimator=lightgbm, fold=KFold(n_splits=10, random_state=None, shuffle=False), round=4, cross_validation=True, predict=True, fit_kwargs={}, groups=None, refit=False, verbose=False, system=False, metrics=None, experiment_custom_tags=None, add_to_model_list=True, probability_threshold=None, display=<pycaret.internal.Display.Display object at 0x7fe4df62b670>, return_train_score=False, kwargs={})
2023-03-12 11:40:06,323:INFO:Checking exceptions
2023-03-12 11:40:06,323:INFO:Importing libraries
2023-03-12 11:40:06,323:INFO:Copying training dataset
2023-03-12 11:40:06,324:INFO:Defining folds
2023-03-12 11:40:06,324:INFO:Declaring metric variables
2023-03-12 11:40:06,329:INFO:Importing untrained model
2023-03-12 11:40:06,334:INFO:Light Gradient Boosting Machine Imported succesfully
2023-03-12 11:40:06,343:INFO:Starting cross validation
2023-03-12 11:40:06,344:INFO:Cross validating with KFold(n_splits=10, random_state=None, shuffle=False), n_jobs=-1
2023-03-12 11:40:06,597:INFO:Calculating mean and std
2023-03-12 11:40:06,598:INFO:Creating metrics dataframe
2023-03-12 11:40:06,601:INFO:Uploading results into container
2023-03-12 11:40:06,602:INFO:Uploading model into container now
2023-03-12 11:40:06,602:INFO:create_model_container: 17
2023-03-12 11:40:06,602:INFO:master_model_container: 17
2023-03-12 11:40:06,602:INFO:display_container: 2
2023-03-12 11:40:06,602:INFO:LGBMRegressor(boosting_type='gbdt', class_weight=None, colsample_bytree=1.0,
              importance_type='split', learning_rate=0.1, max_depth=-1,
              min_child_samples=20, min_child_weight=0.001, min_split_gain=0.0,
              n_estimators=100, n_jobs=-1, num_leaves=31, objective=None,
              random_state=123, reg_alpha=0.0, reg_lambda=0.0, silent='warn',
              subsample=1.0, subsample_for_bin=200000, subsample_freq=0)
2023-03-12 11:40:06,602:INFO:create_model() succesfully completed......................................
2023-03-12 11:40:06,722:INFO:SubProcess create_model() end ==================================
2023-03-12 11:40:06,722:INFO:Creating metrics dataframe
2023-03-12 11:40:06,732:INFO:Initializing CatBoost Regressor
2023-03-12 11:40:06,732:INFO:Total runtime is 0.2588053822517395 minutes
2023-03-12 11:40:06,736:INFO:SubProcess create_model() called ==================================
2023-03-12 11:40:06,736:INFO:Initializing create_model()
2023-03-12 11:40:06,736:INFO:create_model(estimator=catboost, fold=KFold(n_splits=10, random_state=None, shuffle=False), round=4, cross_validation=True, predict=True, fit_kwargs={}, groups=None, refit=False, verbose=False, system=False, metrics=None, experiment_custom_tags=None, add_to_model_list=True, probability_threshold=None, display=<pycaret.internal.Display.Display object at 0x7fe4df62b670>, return_train_score=False, kwargs={})
2023-03-12 11:40:06,737:INFO:Checking exceptions
2023-03-12 11:40:06,737:INFO:Importing libraries
2023-03-12 11:40:06,737:INFO:Copying training dataset
2023-03-12 11:40:06,737:INFO:Defining folds
2023-03-12 11:40:06,738:INFO:Declaring metric variables
2023-03-12 11:40:06,742:INFO:Importing untrained model
2023-03-12 11:40:06,747:INFO:CatBoost Regressor Imported succesfully
2023-03-12 11:40:06,758:INFO:Starting cross validation
2023-03-12 11:40:06,759:INFO:Cross validating with KFold(n_splits=10, random_state=None, shuffle=False), n_jobs=-1
2023-03-12 11:40:32,618:INFO:Calculating mean and std
2023-03-12 11:40:32,619:INFO:Creating metrics dataframe
2023-03-12 11:40:32,623:INFO:Uploading results into container
2023-03-12 11:40:32,623:INFO:Uploading model into container now
2023-03-12 11:40:32,623:INFO:create_model_container: 18
2023-03-12 11:40:32,623:INFO:master_model_container: 18
2023-03-12 11:40:32,623:INFO:display_container: 2
2023-03-12 11:40:32,623:INFO:<catboost.core.CatBoostRegressor object at 0x7fe4df59c6d0>
2023-03-12 11:40:32,624:INFO:create_model() succesfully completed......................................
2023-03-12 11:40:32,734:INFO:SubProcess create_model() end ==================================
2023-03-12 11:40:32,734:INFO:Creating metrics dataframe
2023-03-12 11:40:32,743:INFO:Initializing Dummy Regressor
2023-03-12 11:40:32,743:INFO:Total runtime is 0.6923343420028687 minutes
2023-03-12 11:40:32,748:INFO:SubProcess create_model() called ==================================
2023-03-12 11:40:32,749:INFO:Initializing create_model()
2023-03-12 11:40:32,749:INFO:create_model(estimator=dummy, fold=KFold(n_splits=10, random_state=None, shuffle=False), round=4, cross_validation=True, predict=True, fit_kwargs={}, groups=None, refit=False, verbose=False, system=False, metrics=None, experiment_custom_tags=None, add_to_model_list=True, probability_threshold=None, display=<pycaret.internal.Display.Display object at 0x7fe4df62b670>, return_train_score=False, kwargs={})
2023-03-12 11:40:32,749:INFO:Checking exceptions
2023-03-12 11:40:32,749:INFO:Importing libraries
2023-03-12 11:40:32,749:INFO:Copying training dataset
2023-03-12 11:40:32,750:INFO:Defining folds
2023-03-12 11:40:32,751:INFO:Declaring metric variables
2023-03-12 11:40:32,756:INFO:Importing untrained model
2023-03-12 11:40:32,761:INFO:Dummy Regressor Imported succesfully
2023-03-12 11:40:32,771:INFO:Starting cross validation
2023-03-12 11:40:32,771:INFO:Cross validating with KFold(n_splits=10, random_state=None, shuffle=False), n_jobs=-1
2023-03-12 11:40:32,899:INFO:Calculating mean and std
2023-03-12 11:40:32,899:INFO:Creating metrics dataframe
2023-03-12 11:40:32,903:INFO:Uploading results into container
2023-03-12 11:40:32,903:INFO:Uploading model into container now
2023-03-12 11:40:32,903:INFO:create_model_container: 19
2023-03-12 11:40:32,903:INFO:master_model_container: 19
2023-03-12 11:40:32,903:INFO:display_container: 2
2023-03-12 11:40:32,904:INFO:DummyRegressor(constant=None, quantile=None, strategy='mean')
2023-03-12 11:40:32,904:INFO:create_model() succesfully completed......................................
2023-03-12 11:40:33,016:INFO:SubProcess create_model() end ==================================
2023-03-12 11:40:33,017:INFO:Creating metrics dataframe
2023-03-12 11:40:33,037:INFO:Initializing create_model()
2023-03-12 11:40:33,037:INFO:create_model(estimator=<catboost.core.CatBoostRegressor object at 0x7fe4df59c6d0>, fold=KFold(n_splits=10, random_state=None, shuffle=False), round=4, cross_validation=False, predict=False, fit_kwargs={}, groups=None, refit=True, verbose=False, system=False, metrics=None, experiment_custom_tags=None, add_to_model_list=True, probability_threshold=None, display=None, return_train_score=False, kwargs={})
2023-03-12 11:40:33,037:INFO:Checking exceptions
2023-03-12 11:40:33,038:INFO:Importing libraries
2023-03-12 11:40:33,038:INFO:Copying training dataset
2023-03-12 11:40:33,038:INFO:Defining folds
2023-03-12 11:40:33,038:INFO:Declaring metric variables
2023-03-12 11:40:33,038:INFO:Importing untrained model
2023-03-12 11:40:33,039:INFO:Declaring custom model
2023-03-12 11:40:33,039:INFO:CatBoost Regressor Imported succesfully
2023-03-12 11:40:33,039:INFO:Cross validation set to False
2023-03-12 11:40:33,039:INFO:Fitting Model
2023-03-12 11:40:34,503:INFO:<catboost.core.CatBoostRegressor object at 0x7fe4df65d1c0>
2023-03-12 11:40:34,503:INFO:create_models() succesfully completed......................................
2023-03-12 11:40:34,621:INFO:create_model_container: 19
2023-03-12 11:40:34,621:INFO:master_model_container: 19
2023-03-12 11:40:34,621:INFO:display_container: 2
2023-03-12 11:40:34,621:INFO:<catboost.core.CatBoostRegressor object at 0x7fe4df65d1c0>
2023-03-12 11:40:34,621:INFO:compare_models() succesfully completed......................................
2023-03-12 11:46:15,862:INFO:Initializing tune_model()
2023-03-12 11:46:15,863:INFO:tune_model(estimator=<catboost.core.CatBoostRegressor object at 0x7fe4df65d1c0>, fold=None, round=4, n_iter=10, custom_grid=None, optimize=R2, custom_scorer=None, search_library=scikit-learn, search_algorithm=None, early_stopping=False, early_stopping_max_iters=10, choose_better=False, fit_kwargs=None, groups=None, return_tuner=False, verbose=True, tuner_verbose=True, display=None, return_train_score=False, kwargs={})
2023-03-12 11:46:15,864:INFO:Checking exceptions
2023-03-12 11:46:15,864:INFO:Preparing display monitor
2023-03-12 11:46:15,876:INFO:Copying training dataset
2023-03-12 11:46:15,878:INFO:Checking base model
2023-03-12 11:46:15,878:INFO:Base model : CatBoost Regressor
2023-03-12 11:46:15,888:INFO:Declaring metric variables
2023-03-12 11:46:15,895:INFO:Defining Hyperparameters
2023-03-12 11:46:16,025:INFO:Tuning with n_jobs=-1
2023-03-12 11:46:16,025:INFO:Initializing RandomizedSearchCV
2023-03-12 11:46:46,870:INFO:best_params: {'actual_estimator__random_strength': 0.0, 'actual_estimator__n_estimators': 70, 'actual_estimator__l2_leaf_reg': 7, 'actual_estimator__eta': 0.4, 'actual_estimator__depth': 4}
2023-03-12 11:46:46,870:INFO:Hyperparameter search completed
2023-03-12 11:46:46,870:INFO:SubProcess create_model() called ==================================
2023-03-12 11:46:46,871:INFO:Initializing create_model()
2023-03-12 11:46:46,871:INFO:create_model(estimator=<catboost.core.CatBoostRegressor object at 0x7fe4df3b6b80>, fold=KFold(n_splits=10, random_state=None, shuffle=False), round=4, cross_validation=True, predict=True, fit_kwargs={}, groups=None, refit=True, verbose=True, system=False, metrics=None, experiment_custom_tags=None, add_to_model_list=True, probability_threshold=None, display=<pycaret.internal.Display.Display object at 0x7fe4ef8b2ee0>, return_train_score=False, kwargs={'random_strength': 0.0, 'n_estimators': 70, 'l2_leaf_reg': 7, 'eta': 0.4, 'depth': 4})
2023-03-12 11:46:46,871:INFO:Checking exceptions
2023-03-12 11:46:46,871:INFO:Importing libraries
2023-03-12 11:46:46,871:INFO:Copying training dataset
2023-03-12 11:46:46,874:INFO:Defining folds
2023-03-12 11:46:46,874:INFO:Declaring metric variables
2023-03-12 11:46:46,885:INFO:Importing untrained model
2023-03-12 11:46:46,885:INFO:Declaring custom model
2023-03-12 11:46:46,892:INFO:CatBoost Regressor Imported succesfully
2023-03-12 11:46:46,906:INFO:Starting cross validation
2023-03-12 11:46:46,907:INFO:Cross validating with KFold(n_splits=10, random_state=None, shuffle=False), n_jobs=-1
2023-03-12 11:46:48,047:INFO:Calculating mean and std
2023-03-12 11:46:48,047:INFO:Creating metrics dataframe
2023-03-12 11:46:48,057:INFO:Finalizing model
2023-03-12 11:46:48,128:INFO:Uploading results into container
2023-03-12 11:46:48,128:INFO:Uploading model into container now
2023-03-12 11:46:48,128:INFO:create_model_container: 20
2023-03-12 11:46:48,128:INFO:master_model_container: 20
2023-03-12 11:46:48,128:INFO:display_container: 3
2023-03-12 11:46:48,128:INFO:<catboost.core.CatBoostRegressor object at 0x7fe4df469ca0>
2023-03-12 11:46:48,128:INFO:create_model() succesfully completed......................................
2023-03-12 11:46:48,243:INFO:SubProcess create_model() end ==================================
2023-03-12 11:46:48,249:INFO:create_model_container: 20
2023-03-12 11:46:48,249:INFO:master_model_container: 20
2023-03-12 11:46:48,249:INFO:display_container: 3
2023-03-12 11:46:48,249:INFO:<catboost.core.CatBoostRegressor object at 0x7fe4df469ca0>
2023-03-12 11:46:48,249:INFO:tune_model() succesfully completed......................................
2023-03-12 11:49:31,097:INFO:Initializing finalize_model()
2023-03-12 11:49:31,098:INFO:finalize_model(estimator=<catboost.core.CatBoostRegressor object at 0x7fe4df469ca0>, fit_kwargs=None, groups=None, model_only=True, display=None, experiment_custom_tags=None, return_train_score=False)
2023-03-12 11:49:31,098:INFO:Finalizing <catboost.core.CatBoostRegressor object at 0x7fe4df469ca0>
2023-03-12 11:49:31,098:INFO:Initializing create_model()
2023-03-12 11:49:31,098:INFO:create_model(estimator=<catboost.core.CatBoostRegressor object at 0x7fe4df469ca0>, fold=None, round=4, cross_validation=True, predict=True, fit_kwargs={}, groups=None, refit=True, verbose=False, system=False, metrics=None, experiment_custom_tags=None, add_to_model_list=False, probability_threshold=None, display=None, return_train_score=False, kwargs={})
2023-03-12 11:49:31,099:INFO:Checking exceptions
2023-03-12 11:49:31,099:INFO:Importing libraries
2023-03-12 11:49:31,099:INFO:Copying training dataset
2023-03-12 11:49:31,102:INFO:Defining folds
2023-03-12 11:49:31,103:INFO:Declaring metric variables
2023-03-12 11:49:31,103:INFO:Importing untrained model
2023-03-12 11:49:31,103:INFO:Declaring custom model
2023-03-12 11:49:31,103:INFO:CatBoost Regressor Imported succesfully
2023-03-12 11:49:31,103:INFO:Starting cross validation
2023-03-12 11:49:31,104:INFO:Cross validating with KFold(n_splits=10, random_state=None, shuffle=False), n_jobs=-1
2023-03-12 11:49:32,432:INFO:Calculating mean and std
2023-03-12 11:49:32,433:INFO:Creating metrics dataframe
2023-03-12 11:49:32,435:INFO:Finalizing model
2023-03-12 11:49:32,514:INFO:create_model_container: 20
2023-03-12 11:49:32,514:INFO:master_model_container: 20
2023-03-12 11:49:32,514:INFO:display_container: 4
2023-03-12 11:49:32,514:INFO:<catboost.core.CatBoostRegressor object at 0x7fe569284af0>
2023-03-12 11:49:32,514:INFO:create_model() succesfully completed......................................
2023-03-12 11:49:32,634:INFO:create_model_container: 20
2023-03-12 11:49:32,635:INFO:master_model_container: 20
2023-03-12 11:49:32,635:INFO:display_container: 3
2023-03-12 11:49:32,635:INFO:<catboost.core.CatBoostRegressor object at 0x7fe569284af0>
2023-03-12 11:49:32,635:INFO:finalize_model() succesfully completed......................................
2023-03-12 11:51:31,959:INFO:Initializing save_model()
2023-03-12 11:51:31,959:INFO:save_model(model=<catboost.core.CatBoostRegressor object at 0x7fe569284af0>, model_name=../model/, prep_pipe_=Pipeline(memory=None,
         steps=[('dtypes',
                 DataTypes_Auto_infer(categorical_features=[],
                                      display_types=False, features_todrop=[],
                                      id_columns=[], ml_usecase='regression',
                                      numerical_features=[], target='SalePrice',
                                      time_features=[])),
                ('imputer',
                 Simple_Imputer(categorical_strategy='not_available',
                                fill_value_categorical=None,
                                fill_value_numerical=None,
                                numeric_strat...
                ('scaling', 'passthrough'), ('P_transform', 'passthrough'),
                ('binn', 'passthrough'), ('rem_outliers', 'passthrough'),
                ('cluster_all', 'passthrough'),
                ('dummy', Dummify(target='SalePrice')),
                ('fix_perfect', Remove_100(target='SalePrice')),
                ('clean_names', Clean_Colum_Names()),
                ('feature_select', 'passthrough'), ('fix_multi', 'passthrough'),
                ('dfs', 'passthrough'), ('pca', 'passthrough')],
         verbose=False), verbose=True, kwargs={})
2023-03-12 11:51:31,959:INFO:Adding model into prep_pipe
2023-03-12 11:51:31,969:INFO:../model/.pkl saved in current working directory
2023-03-12 11:51:31,972:INFO:Pipeline(memory=None,
         steps=[('dtypes',
                 DataTypes_Auto_infer(categorical_features=[],
                                      display_types=False, features_todrop=[],
                                      id_columns=[], ml_usecase='regression',
                                      numerical_features=[], target='SalePrice',
                                      time_features=[])),
                ('imputer',
                 Simple_Imputer(categorical_strategy='not_available',
                                fill_value_categorical=None,
                                fill_value_numerical=None,
                                numeric_strat...
                ('binn', 'passthrough'), ('rem_outliers', 'passthrough'),
                ('cluster_all', 'passthrough'),
                ('dummy', Dummify(target='SalePrice')),
                ('fix_perfect', Remove_100(target='SalePrice')),
                ('clean_names', Clean_Colum_Names()),
                ('feature_select', 'passthrough'), ('fix_multi', 'passthrough'),
                ('dfs', 'passthrough'), ('pca', 'passthrough'),
                ['trained_model',
                 <catboost.core.CatBoostRegressor object at 0x7fe569284af0>]],
         verbose=False)
2023-03-12 11:51:31,972:INFO:save_model() successfully completed......................................
2023-03-12 11:52:22,559:INFO:Initializing save_model()
2023-03-12 11:52:22,559:INFO:save_model(model=<catboost.core.CatBoostRegressor object at 0x7fe569284af0>, model_name=../model/model, prep_pipe_=Pipeline(memory=None,
         steps=[('dtypes',
                 DataTypes_Auto_infer(categorical_features=[],
                                      display_types=False, features_todrop=[],
                                      id_columns=[], ml_usecase='regression',
                                      numerical_features=[], target='SalePrice',
                                      time_features=[])),
                ('imputer',
                 Simple_Imputer(categorical_strategy='not_available',
                                fill_value_categorical=None,
                                fill_value_numerical=None,
                                numeric_strat...
                ('scaling', 'passthrough'), ('P_transform', 'passthrough'),
                ('binn', 'passthrough'), ('rem_outliers', 'passthrough'),
                ('cluster_all', 'passthrough'),
                ('dummy', Dummify(target='SalePrice')),
                ('fix_perfect', Remove_100(target='SalePrice')),
                ('clean_names', Clean_Colum_Names()),
                ('feature_select', 'passthrough'), ('fix_multi', 'passthrough'),
                ('dfs', 'passthrough'), ('pca', 'passthrough')],
         verbose=False), verbose=True, kwargs={})
2023-03-12 11:52:22,560:INFO:Adding model into prep_pipe
2023-03-12 11:52:22,571:INFO:../model/model.pkl saved in current working directory
2023-03-12 11:52:22,574:INFO:Pipeline(memory=None,
         steps=[('dtypes',
                 DataTypes_Auto_infer(categorical_features=[],
                                      display_types=False, features_todrop=[],
                                      id_columns=[], ml_usecase='regression',
                                      numerical_features=[], target='SalePrice',
                                      time_features=[])),
                ('imputer',
                 Simple_Imputer(categorical_strategy='not_available',
                                fill_value_categorical=None,
                                fill_value_numerical=None,
                                numeric_strat...
                ('binn', 'passthrough'), ('rem_outliers', 'passthrough'),
                ('cluster_all', 'passthrough'),
                ('dummy', Dummify(target='SalePrice')),
                ('fix_perfect', Remove_100(target='SalePrice')),
                ('clean_names', Clean_Colum_Names()),
                ('feature_select', 'passthrough'), ('fix_multi', 'passthrough'),
                ('dfs', 'passthrough'), ('pca', 'passthrough'),
                ['trained_model',
                 <catboost.core.CatBoostRegressor object at 0x7fe569284af0>]],
         verbose=False)
2023-03-12 11:52:22,574:INFO:save_model() successfully completed......................................
2023-03-12 12:05:51,352:INFO:Initializing load_model()
2023-03-12 12:05:51,352:INFO:load_model(model_name=../model/model, platform=None, authentication=None, verbose=True)
2023-03-12 12:07:48,406:INFO:Initializing predict_model()
2023-03-12 12:07:48,406:INFO:predict_model(estimator=Pipeline(memory=None,
         steps=[('dtypes',
                 DataTypes_Auto_infer(categorical_features=[],
                                      display_types=False, features_todrop=[],
                                      id_columns=[], ml_usecase='regression',
                                      numerical_features=[], target='SalePrice',
                                      time_features=[])),
                ('imputer',
                 Simple_Imputer(categorical_strategy='not_available',
                                fill_value_categorical=None,
                                fill_value_numerical=None,
                                numeric_strat...
                ('binn', 'passthrough'), ('rem_outliers', 'passthrough'),
                ('cluster_all', 'passthrough'),
                ('dummy', Dummify(target='SalePrice')),
                ('fix_perfect', Remove_100(target='SalePrice')),
                ('clean_names', Clean_Colum_Names()),
                ('feature_select', 'passthrough'), ('fix_multi', 'passthrough'),
                ('dfs', 'passthrough'), ('pca', 'passthrough'),
                ['trained_model',
                 <catboost.core.CatBoostRegressor object at 0x7fe55c919e50>]],
         verbose=False), probability_threshold=None, encoded_labels=True, drift_report=False, raw_score=False, round=4, verbose=True, ml_usecase=MLUsecase.REGRESSION, display=None, drift_kwargs=None)
2023-03-12 12:07:48,406:INFO:Checking exceptions
2023-03-12 12:07:48,407:INFO:Preloading libraries
2023-03-12 12:07:48,407:INFO:Preparing display monitor
